<?xml version="1.0" encoding="UTF-8"?>
<!-- Generated by org.testng.reporters.JUnitXMLReporter -->
<testsuite ignored="0" hostname="LAPTOP-NAVQB498" failures="0" tests="3" name="Default test" time="48.489" errors="0" timestamp="15 Oct 2022 07:39:12 GMT">
  <testcase classname="test.CategoryAddAndMonthDropDownTest" name="userShouldBeAbleToAddCategory" time="7.096"/>
  <testcase classname="test.CategoryAddAndMonthDropDownTest" name="userShouldNotBeAbleToAddDuplicate" time="1.505"/>
  <testcase classname="test.CategoryAddAndMonthDropDownTest" name="dropDownShouldHaveAllMonths" time="0.313"/>
</testsuite> <!-- Default test -->
