<?xml version="1.0" encoding="UTF-8"?>
<testng-results ignored="0" total="3" passed="3" failed="0" skipped="0">
  <reporter-output>
  </reporter-output>
  <suite started-at="2022-10-15T07:38:23Z" name="Default suite" finished-at="2022-10-15T07:39:12Z" duration-ms="48489">
    <groups>
    </groups>
    <test started-at="2022-10-15T07:38:23Z" name="Default test" finished-at="2022-10-15T07:39:12Z" duration-ms="48489">
      <class name="test.CategoryAddAndMonthDropDownTest">
        <test-method is-config="true" signature="runEverything()[pri:0, instance:test.CategoryAddAndMonthDropDownTest@352c1b98]" started-at="2022-10-15T07:38:23Z" name="runEverything" finished-at="2022-10-15T07:38:26Z" duration-ms="2420" status="PASS">
          <reporter-output>
          </reporter-output>
        </test-method> <!-- runEverything -->
        <test-method signature="userShouldBeAbleToAddCategory()[pri:1, instance:test.CategoryAddAndMonthDropDownTest@352c1b98]" started-at="2022-10-15T07:38:26Z" name="userShouldBeAbleToAddCategory" finished-at="2022-10-15T07:38:33Z" duration-ms="7096" status="PASS">
          <reporter-output>
          </reporter-output>
        </test-method> <!-- userShouldBeAbleToAddCategory -->
        <test-method is-config="true" signature="tearDown()[pri:0, instance:test.CategoryAddAndMonthDropDownTest@352c1b98]" started-at="2022-10-15T07:38:33Z" name="tearDown" finished-at="2022-10-15T07:38:49Z" duration-ms="16289" status="PASS">
          <reporter-output>
          </reporter-output>
        </test-method> <!-- tearDown -->
        <test-method is-config="true" signature="runEverything()[pri:0, instance:test.CategoryAddAndMonthDropDownTest@352c1b98]" started-at="2022-10-15T07:38:49Z" name="runEverything" finished-at="2022-10-15T07:38:51Z" duration-ms="2041" status="PASS">
          <reporter-output>
          </reporter-output>
        </test-method> <!-- runEverything -->
        <test-method signature="userShouldNotBeAbleToAddDuplicate()[pri:2, instance:test.CategoryAddAndMonthDropDownTest@352c1b98]" started-at="2022-10-15T07:38:51Z" name="userShouldNotBeAbleToAddDuplicate" finished-at="2022-10-15T07:38:52Z" duration-ms="1505" status="PASS">
          <reporter-output>
          </reporter-output>
        </test-method> <!-- userShouldNotBeAbleToAddDuplicate -->
        <test-method is-config="true" signature="tearDown()[pri:0, instance:test.CategoryAddAndMonthDropDownTest@352c1b98]" started-at="2022-10-15T07:38:52Z" name="tearDown" finished-at="2022-10-15T07:39:09Z" duration-ms="16291" status="PASS">
          <reporter-output>
          </reporter-output>
        </test-method> <!-- tearDown -->
        <test-method is-config="true" signature="runEverything()[pri:0, instance:test.CategoryAddAndMonthDropDownTest@352c1b98]" started-at="2022-10-15T07:39:09Z" name="runEverything" finished-at="2022-10-15T07:39:11Z" duration-ms="2341" status="PASS">
          <reporter-output>
          </reporter-output>
        </test-method> <!-- runEverything -->
        <test-method signature="dropDownShouldHaveAllMonths()[pri:3, instance:test.CategoryAddAndMonthDropDownTest@352c1b98]" started-at="2022-10-15T07:39:11Z" name="dropDownShouldHaveAllMonths" finished-at="2022-10-15T07:39:11Z" duration-ms="313" status="PASS">
          <reporter-output>
          </reporter-output>
        </test-method> <!-- dropDownShouldHaveAllMonths -->
        <test-method is-config="true" signature="tearDown()[pri:0, instance:test.CategoryAddAndMonthDropDownTest@352c1b98]" started-at="2022-10-15T07:39:11Z" name="tearDown" finished-at="2022-10-15T07:39:12Z" duration-ms="165" status="PASS">
          <reporter-output>
          </reporter-output>
        </test-method> <!-- tearDown -->
      </class> <!-- test.CategoryAddAndMonthDropDownTest -->
    </test> <!-- Default test -->
  </suite> <!-- Default suite -->
</testng-results>
